A51 MACRO ASSEMBLER  DIODY                                                                03/04/2024 11:01:53 PAGE     1


MACRO ASSEMBLER A51 V8.2.7.0
OBJECT MODULE PLACED IN .\Objects\diody.obj
ASSEMBLER INVOKED BY: C:\Keil_v5\C51\BIN\A51.EXE diody.a51 SET(SMALL) DEBUG PRINT(.\Listings\diody.lst) OBJECT(.\Objects
                      \diody.obj) EP

LOC  OBJ            LINE     SOURCE

  0083                 1     dioda bit       P0.3
0000                   2             org 0h
0000 7580FF            3                     mov P0,#0xff
0003 C290              4                     clr P1.0
0005 90002A            5                     mov DPTR,#seg7
0008 7800              6                     mov R0,#0
000A 790A              7                     mov R1,#10
                       8                     
000C                   9     start:  
000C E8               10                     mov A,R0
000D 93               11                     movc A,@A+DPTR
000E F580             12                     mov P0,A
0010 111D             13                     call delay
0012 1118             14                     call increm
0014 1119             15                     call porownaj
0016 80F4             16                     jmp start
                      17     
0018 08               18     increm: inc R0
                      19     
0019 B80A00           20     porownaj: cjne R0,#10,wyjdz
                      21     
001C 22               22     wyjdz: ret              
                      23                     ;dec R0
                      24                     ;cjne R0,#0
                      25                     ;!=0 then --            
                      26                     
                      27     
001D 7D05             28     delay:  mov R5,#5 ;komentarz
001F 7EFF             29     sk3:    mov R6,#255
0021 7FFF             30     sk2:    mov R7,#255
0023 DFFE             31     sk1:    djnz R7,sk1 ;dekrementuje sie R7
0025 DEFA             32                     djnz R6,sk2 ;dekrementuje sie R6 i ustawia wartosc R7 jeszcze raz
0027 DDF6             33                     djnz R5,sk3 ;dekrementuje sie R5 i ustawia wartosc R7,R6 jeszcze raz
0029 22               34                     ret
                      35                     
002A C0F9A4B0         36     seg7:   db 11000000b,11111001b,10100100b,10110000b,10011001b,10010010b,00000010b,11011000b,
                             10000000b,00010000b
002E 999202D8                
0032 8010                    
                      37     
                      38                     
                      39                     
                      40                     end
A51 MACRO ASSEMBLER  DIODY                                                                03/04/2024 11:01:53 PAGE     2

SYMBOL TABLE LISTING
------ ----- -------


N A M E             T Y P E  V A L U E   ATTRIBUTES

DELAY. . . . . . .  C ADDR   001DH   A   
DIODA. . . . . . .  B ADDR   0080H.3 A   
INCREM . . . . . .  C ADDR   0018H   A   
P0 . . . . . . . .  D ADDR   0080H   A   
P1 . . . . . . . .  D ADDR   0090H   A   
POROWNAJ . . . . .  C ADDR   0019H   A   
SEG7 . . . . . . .  C ADDR   002AH   A   
SK1. . . . . . . .  C ADDR   0023H   A   
SK2. . . . . . . .  C ADDR   0021H   A   
SK3. . . . . . . .  C ADDR   001FH   A   
START. . . . . . .  C ADDR   000CH   A   
WYJDZ. . . . . . .  C ADDR   001CH   A   


REGISTER BANK(S) USED: 0 


ASSEMBLY COMPLETE.  0 WARNING(S), 0 ERROR(S)
